Determining if the pthread_create exist failed with the following output:
Change Dir: /home/kiki/catkin_ws/src/olin_multirotors_personal/build/CMakeFiles/CMakeTmp

Run Build Command:/usr/bin/make "cmTryCompileExec1454898286/fast"
/usr/bin/make -f CMakeFiles/cmTryCompileExec1454898286.dir/build.make CMakeFiles/cmTryCompileExec1454898286.dir/build
make[1]: Entering directory `/home/kiki/catkin_ws/src/olin_multirotors_personal/build/CMakeFiles/CMakeTmp'
/usr/bin/cmake -E cmake_progress_report /home/kiki/catkin_ws/src/olin_multirotors_personal/build/CMakeFiles/CMakeTmp/CMakeFiles 1
Building C object CMakeFiles/cmTryCompileExec1454898286.dir/CheckSymbolExists.c.o
/usr/bin/cc    -o CMakeFiles/cmTryCompileExec1454898286.dir/CheckSymbolExists.c.o   -c /home/kiki/catkin_ws/src/olin_multirotors_personal/build/CMakeFiles/CMakeTmp/CheckSymbolExists.c
Linking C executable cmTryCompileExec1454898286
/usr/bin/cmake -E cmake_link_script CMakeFiles/cmTryCompileExec1454898286.dir/link.txt --verbose=1
/usr/bin/cc       CMakeFiles/cmTryCompileExec1454898286.dir/CheckSymbolExists.c.o  -o cmTryCompileExec1454898286 -rdynamic 
CMakeFiles/cmTryCompileExec1454898286.dir/CheckSymbolExists.c.o: In function `main':
CheckSymbolExists.c:(.text+0x16): undefined reference to `pthread_create'
collect2: error: ld returned 1 exit status
make[1]: *** [cmTryCompileExec1454898286] Error 1
make[1]: Leaving directory `/home/kiki/catkin_ws/src/olin_multirotors_personal/build/CMakeFiles/CMakeTmp'
make: *** [cmTryCompileExec1454898286/fast] Error 2

File /home/kiki/catkin_ws/src/olin_multirotors_personal/build/CMakeFiles/CMakeTmp/CheckSymbolExists.c:
/* */
#include <pthread.h>

int main(int argc, char** argv)
{
  (void)argv;
#ifndef pthread_create
  return ((int*)(&pthread_create))[argc];
#else
  (void)argc;
  return 0;
#endif
}

Determining if the function pthread_create exists in the pthreads failed with the following output:
Change Dir: /home/kiki/catkin_ws/src/olin_multirotors_personal/build/CMakeFiles/CMakeTmp

Run Build Command:/usr/bin/make "cmTryCompileExec440171302/fast"
/usr/bin/make -f CMakeFiles/cmTryCompileExec440171302.dir/build.make CMakeFiles/cmTryCompileExec440171302.dir/build
make[1]: Entering directory `/home/kiki/catkin_ws/src/olin_multirotors_personal/build/CMakeFiles/CMakeTmp'
/usr/bin/cmake -E cmake_progress_report /home/kiki/catkin_ws/src/olin_multirotors_personal/build/CMakeFiles/CMakeTmp/CMakeFiles 1
Building C object CMakeFiles/cmTryCompileExec440171302.dir/CheckFunctionExists.c.o
/usr/bin/cc   -DCHECK_FUNCTION_EXISTS=pthread_create   -o CMakeFiles/cmTryCompileExec440171302.dir/CheckFunctionExists.c.o   -c /usr/share/cmake-2.8/Modules/CheckFunctionExists.c
Linking C executable cmTryCompileExec440171302
/usr/bin/cmake -E cmake_link_script CMakeFiles/cmTryCompileExec440171302.dir/link.txt --verbose=1
/usr/bin/cc   -DCHECK_FUNCTION_EXISTS=pthread_create    CMakeFiles/cmTryCompileExec440171302.dir/CheckFunctionExists.c.o  -o cmTryCompileExec440171302 -rdynamic -lpthreads 
/usr/bin/ld: cannot find -lpthreads
collect2: error: ld returned 1 exit status
make[1]: *** [cmTryCompileExec440171302] Error 1
make[1]: Leaving directory `/home/kiki/catkin_ws/src/olin_multirotors_personal/build/CMakeFiles/CMakeTmp'
make: *** [cmTryCompileExec440171302/fast] Error 2


